<?xml version="1.0" encoding="UTF-8"?>
<!-- Generated by org.testng.reporters.JUnitReportReporter -->
<testsuite hostname="Harish-Yemireddy" failures="0" tests="1" name="test.ExtentReport_POM" time="0.010" errors="0" timestamp="2023-05-03T23:14:33 IST" skipped="0">
  <testcase classname="test.ExtentReport_POM" name="test" time="0.010"/>
  <system-out/>
</testsuite> <!-- test.ExtentReport_POM -->
