<?xml version="1.0" encoding="UTF-8"?>
<!-- Generated by org.testng.reporters.JUnitReportReporter -->
<testsuite hostname="Harish-Yemireddy" failures="0" tests="8" name="test.Main" time="6.440" errors="0" timestamp="2023-05-04T01:18:29 IST" skipped="7">
  <testcase classname="test.Main" name="handlingTables" time="6.440"/>
  <system-out/>
  <testcase classname="test.Main" name="uploadDownload">
    <skipped/>
  </testcase> <!-- uploadDownload -->
  <system-out/>
  <testcase classname="test.Main" name="test">
    <skipped/>
  </testcase> <!-- test -->
  <system-out/>
  <testcase classname="test.Main" name="toolsQaTest">
    <skipped/>
  </testcase> <!-- toolsQaTest -->
  <system-out/>
  <testcase classname="test.Main" name="handlingLocatorinWindows">
    <skipped/>
  </testcase> <!-- handlingLocatorinWindows -->
  <system-out/>
  <testcase classname="test.Main" name="clearChromeCookies">
    <skipped/>
  </testcase> <!-- clearChromeCookies -->
  <system-out/>
  <testcase classname="test.Main" name="sauceDemoTest">
    <skipped/>
  </testcase> <!-- sauceDemoTest -->
  <system-out/>
  <testcase classname="test.Main" name="handlingWindows">
    <skipped/>
  </testcase> <!-- handlingWindows -->
  <system-out/>
</testsuite> <!-- test.Main -->
